2026-02-07T18:29:28.123Z [ERROR]: Error fetching stats for container 0a65d5d4d2ec: Cannot read properties of undefined (reading 'length')\nTypeError: Cannot read properties of undefined (reading 'length')
    at DockerService.getContainerStats (/app/dist/services/docker-service.js:282:68)
    at process.processTicksAndRejections (node:internal/process/task_queues:95:5)
    at async /app/dist/routes/index.js:207:27
2026-02-07T18:29:28.124Z [ERROR]: Error getting stats for container 0a65d5d4d2ec: Cannot read properties of undefined (reading 'length')\nTypeError: Cannot read properties of undefined (reading 'length')
    at DockerService.getContainerStats (/app/dist/services/docker-service.js:282:68)
    at process.processTicksAndRejections (node:internal/process/task_queues:95:5)
    at async /app/dist/routes/index.js:207:27
2026-02-07T18:29:30.136Z [ERROR]: Error fetching stats for container 87b87325301f: socket hang up\nError: socket hang up
    at connResetException (node:internal/errors:720:14)
    at Socket.socketCloseListener (node:_http_client:474:25)
    at Socket.emit (node:events:529:35)
    at Pipe.<anonymous> (node:net:350:12)
2026-02-07T18:29:30.137Z [ERROR]: Error getting stats for container 87b87325301f: socket hang up\nError: socket hang up
    at connResetException (node:internal/errors:720:14)
    at Socket.socketCloseListener (node:_http_client:474:25)
    at Socket.emit (node:events:529:35)
    at Pipe.<anonymous> (node:net:350:12)
2026-02-07T18:29:32.149Z [ERROR]: Error fetching stats for container 4f02a3637925: socket hang up\nError: socket hang up
    at connResetException (node:internal/errors:720:14)
    at Socket.socketCloseListener (node:_http_client:474:25)
    at Socket.emit (node:events:529:35)
    at Pipe.<anonymous> (node:net:350:12)
2026-02-07T18:29:32.149Z [ERROR]: Error getting stats for container 4f02a3637925: socket hang up\nError: socket hang up
    at connResetException (node:internal/errors:720:14)
    at Socket.socketCloseListener (node:_http_client:474:25)
    at Socket.emit (node:events:529:35)
    at Pipe.<anonymous> (node:net:350:12)
2026-02-07T18:29:33.173Z [ERROR]: Error fetching stats for container 0a65d5d4d2ec: Cannot read properties of undefined (reading 'length')\nTypeError: Cannot read properties of undefined (reading 'length')
    at DockerService.getContainerStats (/app/dist/services/docker-service.js:282:68)
    at process.processTicksAndRejections (node:internal/process/task_queues:95:5)
    at async /app/dist/routes/index.js:207:27
2026-02-07T18:29:33.173Z [ERROR]: Error getting stats for container 0a65d5d4d2ec: Cannot read properties of undefined (reading 'length')\nTypeError: Cannot read properties of undefined (reading 'length')
    at DockerService.getContainerStats (/app/dist/services/docker-service.js:282:68)
    at process.processTicksAndRejections (node:internal/process/task_queues:95:5)
    at async /app/dist/routes/index.js:207:27
2026-02-07T18:29:34.159Z [ERROR]: Error fetching stats for container f0497d474e9c: socket hang up\nError: socket hang up
    at connResetException (node:internal/errors:720:14)
    at Socket.socketCloseListener (node:_http_client:474:25)
    at Socket.emit (node:events:529:35)
    at Pipe.<anonymous> (node:net:350:12)
2026-02-07T18:29:34.160Z [ERROR]: Error getting stats for container f0497d474e9c: socket hang up\nError: socket hang up
    at connResetException (node:internal/errors:720:14)
    at Socket.socketCloseListener (node:_http_client:474:25)
    at Socket.emit (node:events:529:35)
    at Pipe.<anonymous> (node:net:350:12)
2026-02-07T18:29:35.178Z [ERROR]: Error fetching stats for container 87b87325301f: Cannot read properties of undefined (reading 'length')\nTypeError: Cannot read properties of undefined (reading 'length')
    at DockerService.getContainerStats (/app/dist/services/docker-service.js:282:68)
    at process.processTicksAndRejections (node:internal/process/task_queues:95:5)
    at async /app/dist/routes/index.js:207:27
2026-02-07T18:29:35.179Z [ERROR]: Error getting stats for container 87b87325301f: Cannot read properties of undefined (reading 'length')\nTypeError: Cannot read properties of undefined (reading 'length')
    at DockerService.getContainerStats (/app/dist/services/docker-service.js:282:68)
    at process.processTicksAndRejections (node:internal/process/task_queues:95:5)
    at async /app/dist/routes/index.js:207:27
2026-02-07T18:29:37.185Z [ERROR]: Error fetching stats for container 4f02a3637925: socket hang up\nError: socket hang up
    at connResetException (node:internal/errors:720:14)
    at Socket.socketCloseListener (node:_http_client:474:25)
    at Socket.emit (node:events:529:35)
    at Pipe.<anonymous> (node:net:350:12)
2026-02-07T18:29:37.186Z [ERROR]: Error getting stats for container 4f02a3637925: socket hang up\nError: socket hang up
    at connResetException (node:internal/errors:720:14)
    at Socket.socketCloseListener (node:_http_client:474:25)
    at Socket.emit (node:events:529:35)
    at Pipe.<anonymous> (node:net:350:12)
2026-02-07T18:29:38.203Z [ERROR]: Error fetching stats for container 0a65d5d4d2ec: Cannot read properties of undefined (reading 'length')\nTypeError: Cannot read properties of undefined (reading 'length')
    at DockerService.getContainerStats (/app/dist/services/docker-service.js:282:68)
    at process.processTicksAndRejections (node:internal/process/task_queues:95:5)
    at async /app/dist/routes/index.js:207:27
2026-02-07T18:29:38.204Z [ERROR]: Error getting stats for container 0a65d5d4d2ec: Cannot read properties of undefined (reading 'length')\nTypeError: Cannot read properties of undefined (reading 'length')
    at DockerService.getContainerStats (/app/dist/services/docker-service.js:282:68)
    at process.processTicksAndRejections (node:internal/process/task_queues:95:5)
    at async /app/dist/routes/index.js:207:27
2026-02-07T18:29:39.193Z [ERROR]: Error fetching stats for container f0497d474e9c: socket hang up\nError: socket hang up
    at connResetException (node:internal/errors:720:14)
    at Socket.socketCloseListener (node:_http_client:474:25)
    at Socket.emit (node:events:529:35)
    at Pipe.<anonymous> (node:net:350:12)
2026-02-07T18:29:39.194Z [ERROR]: Error getting stats for container f0497d474e9c: socket hang up\nError: socket hang up
    at connResetException (node:internal/errors:720:14)
    at Socket.socketCloseListener (node:_http_client:474:25)
    at Socket.emit (node:events:529:35)
    at Pipe.<anonymous> (node:net:350:12)
2026-02-07T18:29:40.212Z [ERROR]: Error fetching stats for container 87b87325301f: socket hang up\nError: socket hang up
    at connResetException (node:internal/errors:720:14)
    at Socket.socketCloseListener (node:_http_client:474:25)
    at Socket.emit (node:events:529:35)
    at Pipe.<anonymous> (node:net:350:12)
2026-02-07T18:29:40.213Z [ERROR]: Error getting stats for container 87b87325301f: socket hang up\nError: socket hang up
    at connResetException (node:internal/errors:720:14)
    at Socket.socketCloseListener (node:_http_client:474:25)
    at Socket.emit (node:events:529:35)
    at Pipe.<anonymous> (node:net:350:12)
2026-02-07T18:29:42.225Z [ERROR]: Error fetching stats for container 4f02a3637925: socket hang up\nError: socket hang up
    at connResetException (node:internal/errors:720:14)
    at Socket.socketCloseListener (node:_http_client:474:25)
    at Socket.emit (node:events:529:35)
    at Pipe.<anonymous> (node:net:350:12)
2026-02-07T18:29:42.225Z [ERROR]: Error getting stats for container 4f02a3637925: socket hang up\nError: socket hang up
    at connResetException (node:internal/errors:720:14)
    at Socket.socketCloseListener (node:_http_client:474:25)
    at Socket.emit (node:events:529:35)
    at Pipe.<anonymous> (node:net:350:12)
2026-02-07T18:29:43.264Z [ERROR]: Error fetching stats for container 0a65d5d4d2ec: Cannot read properties of undefined (reading 'length')\nTypeError: Cannot read properties of undefined (reading 'length')
    at DockerService.getContainerStats (/app/dist/services/docker-service.js:282:68)
    at process.processTicksAndRejections (node:internal/process/task_queues:95:5)
    at async /app/dist/routes/index.js:207:27
2026-02-07T18:29:43.265Z [ERROR]: Error getting stats for container 0a65d5d4d2ec: Cannot read properties of undefined (reading 'length')\nTypeError: Cannot read properties of undefined (reading 'length')
    at DockerService.getContainerStats (/app/dist/services/docker-service.js:282:68)
    at process.processTicksAndRejections (node:internal/process/task_queues:95:5)
    at async /app/dist/routes/index.js:207:27
2026-02-07T18:29:44.239Z [ERROR]: Error fetching stats for container f0497d474e9c: socket hang up\nError: socket hang up
    at connResetException (node:internal/errors:720:14)
    at Socket.socketCloseListener (node:_http_client:474:25)
    at Socket.emit (node:events:529:35)
    at Pipe.<anonymous> (node:net:350:12)
2026-02-07T18:29:44.239Z [ERROR]: Error getting stats for container f0497d474e9c: socket hang up\nError: socket hang up
    at connResetException (node:internal/errors:720:14)
    at Socket.socketCloseListener (node:_http_client:474:25)
    at Socket.emit (node:events:529:35)
    at Pipe.<anonymous> (node:net:350:12)
2026-02-07T18:29:45.272Z [ERROR]: Error fetching stats for container 87b87325301f: socket hang up\nError: socket hang up
    at connResetException (node:internal/errors:720:14)
    at Socket.socketCloseListener (node:_http_client:474:25)
    at Socket.emit (node:events:529:35)
    at Pipe.<anonymous> (node:net:350:12)
2026-02-07T18:29:45.273Z [ERROR]: Error getting stats for container 87b87325301f: socket hang up\nError: socket hang up
    at connResetException (node:internal/errors:720:14)
    at Socket.socketCloseListener (node:_http_client:474:25)
    at Socket.emit (node:events:529:35)
    at Pipe.<anonymous> (node:net:350:12)
2026-02-07T18:29:47.285Z [ERROR]: Error fetching stats for container 4f02a3637925: socket hang up\nError: socket hang up
    at connResetException (node:internal/errors:720:14)
    at Socket.socketCloseListener (node:_http_client:474:25)
    at Socket.emit (node:events:529:35)
    at Pipe.<anonymous> (node:net:350:12)
2026-02-07T18:29:47.286Z [ERROR]: Error getting stats for container 4f02a3637925: socket hang up\nError: socket hang up
    at connResetException (node:internal/errors:720:14)
    at Socket.socketCloseListener (node:_http_client:474:25)
    at Socket.emit (node:events:529:35)
    at Pipe.<anonymous> (node:net:350:12)
2026-02-07T18:29:49.298Z [ERROR]: Error fetching stats for container f0497d474e9c: socket hang up\nError: socket hang up
    at connResetException (node:internal/errors:720:14)
    at Socket.socketCloseListener (node:_http_client:474:25)
    at Socket.emit (node:events:529:35)
    at Pipe.<anonymous> (node:net:350:12)
2026-02-07T18:29:49.300Z [ERROR]: Error getting stats for container f0497d474e9c: socket hang up\nError: socket hang up
    at connResetException (node:internal/errors:720:14)
    at Socket.socketCloseListener (node:_http_client:474:25)
    at Socket.emit (node:events:529:35)
    at Pipe.<anonymous> (node:net:350:12)
2026-02-07T18:30:00.799Z [ERROR]: Application Error: ENOENT: no such file or directory, stat '/app/dist/public/index.html'\nError: ENOENT: no such file or directory, stat '/app/dist/public/index.html'
2026-02-07T18:30:00.803Z [ERROR]: Application Error: ENOENT: no such file or directory, stat '/app/dist/public/index.html'\nError: ENOENT: no such file or directory, stat '/app/dist/public/index.html'
2026-02-07T18:30:00.807Z [ERROR]: Application Error: ENOENT: no such file or directory, stat '/app/dist/public/index.html'\nError: ENOENT: no such file or directory, stat '/app/dist/public/index.html'
2026-02-07T18:30:00.810Z [ERROR]: Application Error: ENOENT: no such file or directory, stat '/app/dist/public/index.html'\nError: ENOENT: no such file or directory, stat '/app/dist/public/index.html'
2026-02-07T18:43:06.434Z [ERROR]: Stop failed for Doc2Pdf: unknown shorthand flag: 'f' in -f
See 'docker --help'.

Usage:  docker [OPTIONS] COMMAND

A self-sufficient runtime for containers

Common Commands:
  run         Create and run a new container from an image
  exec        Execute a command in a running container
  ps          List containers
  build       Build an image from a Dockerfile
  pull        Download an image from a registry
  push        Upload an image to a registry
  images      List images
  login       Authenticate to a registry
  logout      Log out from a registry
  search      Search Docker Hub for images
  version     Show the Docker version information
  info        Display system-wide information

Management Commands:
  builder     Manage builds
  buildx*     Docker Buildx
  container   Manage containers
  context     Manage contexts
  image       Manage images
  manifest    Manage Docker image manifests and manifest lists
  network     Manage networks
  plugin      Manage plugins
  system      Manage Docker
  trust       Manage trust on Docker images
  volume      Manage volumes

Swarm Commands:
  swarm       Manage Swarm

Commands:
  attach      Attach local standard input, output, and error streams to a running container
  commit      Create a new image from a container's changes
  cp          Copy files/folders between a container and the local filesystem
  create      Create a new container
  diff        Inspect changes to files or directories on a container's filesystem
  events      Get real time events from the server
  export      Export a container's filesystem as a tar archive
  history     Show the history of an image
  import      Import the contents from a tarball to create a filesystem image
  inspect     Return low-level information on Docker objects
  kill        Kill one or more running containers
  load        Load an image from a tar archive or STDIN
  logs        Fetch the logs of a container
  pause       Pause all processes within one or more containers
  port        List port mappings or a specific mapping for the container
  rename      Rename a container
  restart     Restart one or more containers
  rm          Remove one or more containers
  rmi         Remove one or more images
  save        Save one or more images to a tar archive (streamed to STDOUT by default)
  start       Start one or more stopped containers
  stats       Display a live stream of container(s) resource usage statistics
  stop        Stop one or more running containers
  tag         Create a tag TARGET_IMAGE that refers to SOURCE_IMAGE
  top         Display the running processes of a container
  unpause     Unpause all processes within one or more containers
  update      Update configuration of one or more containers
  wait        Block until one or more containers stop, then print their exit codes

Global Options:
      --config string      Location of client config files (default
                           "/root/.docker")
  -c, --context string     Name of the context to use to connect to the
                           daemon (overrides DOCKER_HOST env var and
                           default context set with "docker context use")
  -D, --debug              Enable debug mode
  -H, --host list          Daemon socket to connect to
  -l, --log-level string   Set the logging level ("debug", "info",
                           "warn", "error", "fatal") (default "info")
      --tls                Use TLS; implied by --tlsverify
      --tlscacert string   Trust certs signed only by this CA (default
                           "/root/.docker/ca.pem")
      --tlscert string     Path to TLS certificate file (default
                           "/root/.docker/cert.pem")
      --tlskey string      Path to TLS key file (default
                           "/root/.docker/key.pem")
      --tlsverify          Use TLS and verify the remote
  -v, --version            Print version information and quit

Run 'docker COMMAND --help' for more information on a command.

For more help on how to use Docker, head to https://docs.docker.com/go/guides/


2026-02-07T18:43:06.438Z [ERROR]: Error stopping project Doc2Pdf: unknown shorthand flag: 'f' in -f
See 'docker --help'.

Usage:  docker [OPTIONS] COMMAND

A self-sufficient runtime for containers

Common Commands:
  run         Create and run a new container from an image
  exec        Execute a command in a running container
  ps          List containers
  build       Build an image from a Dockerfile
  pull        Download an image from a registry
  push        Upload an image to a registry
  images      List images
  login       Authenticate to a registry
  logout      Log out from a registry
  search      Search Docker Hub for images
  version     Show the Docker version information
  info        Display system-wide information

Management Commands:
  builder     Manage builds
  buildx*     Docker Buildx
  container   Manage containers
  context     Manage contexts
  image       Manage images
  manifest    Manage Docker image manifests and manifest lists
  network     Manage networks
  plugin      Manage plugins
  system      Manage Docker
  trust       Manage trust on Docker images
  volume      Manage volumes

Swarm Commands:
  swarm       Manage Swarm

Commands:
  attach      Attach local standard input, output, and error streams to a running container
  commit      Create a new image from a container's changes
  cp          Copy files/folders between a container and the local filesystem
  create      Create a new container
  diff        Inspect changes to files or directories on a container's filesystem
  events      Get real time events from the server
  export      Export a container's filesystem as a tar archive
  history     Show the history of an image
  import      Import the contents from a tarball to create a filesystem image
  inspect     Return low-level information on Docker objects
  kill        Kill one or more running containers
  load        Load an image from a tar archive or STDIN
  logs        Fetch the logs of a container
  pause       Pause all processes within one or more containers
  port        List port mappings or a specific mapping for the container
  rename      Rename a container
  restart     Restart one or more containers
  rm          Remove one or more containers
  rmi         Remove one or more images
  save        Save one or more images to a tar archive (streamed to STDOUT by default)
  start       Start one or more stopped containers
  stats       Display a live stream of container(s) resource usage statistics
  stop        Stop one or more running containers
  tag         Create a tag TARGET_IMAGE that refers to SOURCE_IMAGE
  top         Display the running processes of a container
  unpause     Unpause all processes within one or more containers
  update      Update configuration of one or more containers
  wait        Block until one or more containers stop, then print their exit codes

Global Options:
      --config string      Location of client config files (default
                           "/root/.docker")
  -c, --context string     Name of the context to use to connect to the
                           daemon (overrides DOCKER_HOST env var and
                           default context set with "docker context use")
  -D, --debug              Enable debug mode
  -H, --host list          Daemon socket to connect to
  -l, --log-level string   Set the logging level ("debug", "info",
                           "warn", "error", "fatal") (default "info")
      --tls                Use TLS; implied by --tlsverify
      --tlscacert string   Trust certs signed only by this CA (default
                           "/root/.docker/ca.pem")
      --tlscert string     Path to TLS certificate file (default
                           "/root/.docker/cert.pem")
      --tlskey string      Path to TLS key file (default
                           "/root/.docker/key.pem")
      --tlsverify          Use TLS and verify the remote
  -v, --version            Print version information and quit

Run 'docker COMMAND --help' for more information on a command.

For more help on how to use Docker, head to https://docs.docker.com/go/guides/

\nError: unknown shorthand flag: 'f' in -f
See 'docker --help'.

Usage:  docker [OPTIONS] COMMAND

A self-sufficient runtime for containers

Common Commands:
  run         Create and run a new container from an image
  exec        Execute a command in a running container
  ps          List containers
  build       Build an image from a Dockerfile
  pull        Download an image from a registry
  push        Upload an image to a registry
  images      List images
  login       Authenticate to a registry
  logout      Log out from a registry
  search      Search Docker Hub for images
  version     Show the Docker version information
  info        Display system-wide information

Management Commands:
  builder     Manage builds
  buildx*     Docker Buildx
  container   Manage containers
  context     Manage contexts
  image       Manage images
  manifest    Manage Docker image manifests and manifest lists
  network     Manage networks
  plugin      Manage plugins
  system      Manage Docker
  trust       Manage trust on Docker images
  volume      Manage volumes

Swarm Commands:
  swarm       Manage Swarm

Commands:
  attach      Attach local standard input, output, and error streams to a running container
  commit      Create a new image from a container's changes
  cp          Copy files/folders between a container and the local filesystem
  create      Create a new container
  diff        Inspect changes to files or directories on a container's filesystem
  events      Get real time events from the server
  export      Export a container's filesystem as a tar archive
  history     Show the history of an image
  import      Import the contents from a tarball to create a filesystem image
  inspect     Return low-level information on Docker objects
  kill        Kill one or more running containers
  load        Load an image from a tar archive or STDIN
  logs        Fetch the logs of a container
  pause       Pause all processes within one or more containers
  port        List port mappings or a specific mapping for the container
  rename      Rename a container
  restart     Restart one or more containers
  rm          Remove one or more containers
  rmi         Remove one or more images
  save        Save one or more images to a tar archive (streamed to STDOUT by default)
  start       Start one or more stopped containers
  stats       Display a live stream of container(s) resource usage statistics
  stop        Stop one or more running containers
  tag         Create a tag TARGET_IMAGE that refers to SOURCE_IMAGE
  top         Display the running processes of a container
  unpause     Unpause all processes within one or more containers
  update      Update configuration of one or more containers
  wait        Block until one or more containers stop, then print their exit codes

Global Options:
      --config string      Location of client config files (default
                           "/root/.docker")
  -c, --context string     Name of the context to use to connect to the
                           daemon (overrides DOCKER_HOST env var and
                           default context set with "docker context use")
  -D, --debug              Enable debug mode
  -H, --host list          Daemon socket to connect to
  -l, --log-level string   Set the logging level ("debug", "info",
                           "warn", "error", "fatal") (default "info")
      --tls                Use TLS; implied by --tlsverify
      --tlscacert string   Trust certs signed only by this CA (default
                           "/root/.docker/ca.pem")
      --tlscert string     Path to TLS certificate file (default
                           "/root/.docker/cert.pem")
      --tlskey string      Path to TLS key file (default
                           "/root/.docker/key.pem")
      --tlsverify          Use TLS and verify the remote
  -v, --version            Print version information and quit

Run 'docker COMMAND --help' for more information on a command.

For more help on how to use Docker, head to https://docs.docker.com/go/guides/


    at ProjectService.stopProject (/app/dist/services/project-service.js:321:23)
    at process.processTicksAndRejections (node:internal/process/task_queues:95:5)
    at async /app/dist/routes/index.js:477:13
2026-02-07T18:43:06.438Z [ERROR]: Error stopping project Doc2Pdf: unknown shorthand flag: 'f' in -f
See 'docker --help'.

Usage:  docker [OPTIONS] COMMAND

A self-sufficient runtime for containers

Common Commands:
  run         Create and run a new container from an image
  exec        Execute a command in a running container
  ps          List containers
  build       Build an image from a Dockerfile
  pull        Download an image from a registry
  push        Upload an image to a registry
  images      List images
  login       Authenticate to a registry
  logout      Log out from a registry
  search      Search Docker Hub for images
  version     Show the Docker version information
  info        Display system-wide information

Management Commands:
  builder     Manage builds
  buildx*     Docker Buildx
  container   Manage containers
  context     Manage contexts
  image       Manage images
  manifest    Manage Docker image manifests and manifest lists
  network     Manage networks
  plugin      Manage plugins
  system      Manage Docker
  trust       Manage trust on Docker images
  volume      Manage volumes

Swarm Commands:
  swarm       Manage Swarm

Commands:
  attach      Attach local standard input, output, and error streams to a running container
  commit      Create a new image from a container's changes
  cp          Copy files/folders between a container and the local filesystem
  create      Create a new container
  diff        Inspect changes to files or directories on a container's filesystem
  events      Get real time events from the server
  export      Export a container's filesystem as a tar archive
  history     Show the history of an image
  import      Import the contents from a tarball to create a filesystem image
  inspect     Return low-level information on Docker objects
  kill        Kill one or more running containers
  load        Load an image from a tar archive or STDIN
  logs        Fetch the logs of a container
  pause       Pause all processes within one or more containers
  port        List port mappings or a specific mapping for the container
  rename      Rename a container
  restart     Restart one or more containers
  rm          Remove one or more containers
  rmi         Remove one or more images
  save        Save one or more images to a tar archive (streamed to STDOUT by default)
  start       Start one or more stopped containers
  stats       Display a live stream of container(s) resource usage statistics
  stop        Stop one or more running containers
  tag         Create a tag TARGET_IMAGE that refers to SOURCE_IMAGE
  top         Display the running processes of a container
  unpause     Unpause all processes within one or more containers
  update      Update configuration of one or more containers
  wait        Block until one or more containers stop, then print their exit codes

Global Options:
      --config string      Location of client config files (default
                           "/root/.docker")
  -c, --context string     Name of the context to use to connect to the
                           daemon (overrides DOCKER_HOST env var and
                           default context set with "docker context use")
  -D, --debug              Enable debug mode
  -H, --host list          Daemon socket to connect to
  -l, --log-level string   Set the logging level ("debug", "info",
                           "warn", "error", "fatal") (default "info")
      --tls                Use TLS; implied by --tlsverify
      --tlscacert string   Trust certs signed only by this CA (default
                           "/root/.docker/ca.pem")
      --tlscert string     Path to TLS certificate file (default
                           "/root/.docker/cert.pem")
      --tlskey string      Path to TLS key file (default
                           "/root/.docker/key.pem")
      --tlsverify          Use TLS and verify the remote
  -v, --version            Print version information and quit

Run 'docker COMMAND --help' for more information on a command.

For more help on how to use Docker, head to https://docs.docker.com/go/guides/

\nError: unknown shorthand flag: 'f' in -f
See 'docker --help'.

Usage:  docker [OPTIONS] COMMAND

A self-sufficient runtime for containers

Common Commands:
  run         Create and run a new container from an image
  exec        Execute a command in a running container
  ps          List containers
  build       Build an image from a Dockerfile
  pull        Download an image from a registry
  push        Upload an image to a registry
  images      List images
  login       Authenticate to a registry
  logout      Log out from a registry
  search      Search Docker Hub for images
  version     Show the Docker version information
  info        Display system-wide information

Management Commands:
  builder     Manage builds
  buildx*     Docker Buildx
  container   Manage containers
  context     Manage contexts
  image       Manage images
  manifest    Manage Docker image manifests and manifest lists
  network     Manage networks
  plugin      Manage plugins
  system      Manage Docker
  trust       Manage trust on Docker images
  volume      Manage volumes

Swarm Commands:
  swarm       Manage Swarm

Commands:
  attach      Attach local standard input, output, and error streams to a running container
  commit      Create a new image from a container's changes
  cp          Copy files/folders between a container and the local filesystem
  create      Create a new container
  diff        Inspect changes to files or directories on a container's filesystem
  events      Get real time events from the server
  export      Export a container's filesystem as a tar archive
  history     Show the history of an image
  import      Import the contents from a tarball to create a filesystem image
  inspect     Return low-level information on Docker objects
  kill        Kill one or more running containers
  load        Load an image from a tar archive or STDIN
  logs        Fetch the logs of a container
  pause       Pause all processes within one or more containers
  port        List port mappings or a specific mapping for the container
  rename      Rename a container
  restart     Restart one or more containers
  rm          Remove one or more containers
  rmi         Remove one or more images
  save        Save one or more images to a tar archive (streamed to STDOUT by default)
  start       Start one or more stopped containers
  stats       Display a live stream of container(s) resource usage statistics
  stop        Stop one or more running containers
  tag         Create a tag TARGET_IMAGE that refers to SOURCE_IMAGE
  top         Display the running processes of a container
  unpause     Unpause all processes within one or more containers
  update      Update configuration of one or more containers
  wait        Block until one or more containers stop, then print their exit codes

Global Options:
      --config string      Location of client config files (default
                           "/root/.docker")
  -c, --context string     Name of the context to use to connect to the
                           daemon (overrides DOCKER_HOST env var and
                           default context set with "docker context use")
  -D, --debug              Enable debug mode
  -H, --host list          Daemon socket to connect to
  -l, --log-level string   Set the logging level ("debug", "info",
                           "warn", "error", "fatal") (default "info")
      --tls                Use TLS; implied by --tlsverify
      --tlscacert string   Trust certs signed only by this CA (default
                           "/root/.docker/ca.pem")
      --tlscert string     Path to TLS certificate file (default
                           "/root/.docker/cert.pem")
      --tlskey string      Path to TLS key file (default
                           "/root/.docker/key.pem")
      --tlsverify          Use TLS and verify the remote
  -v, --version            Print version information and quit

Run 'docker COMMAND --help' for more information on a command.

For more help on how to use Docker, head to https://docs.docker.com/go/guides/


    at ProjectService.stopProject (/app/dist/services/project-service.js:321:23)
    at process.processTicksAndRejections (node:internal/process/task_queues:95:5)
    at async /app/dist/routes/index.js:477:13
2026-02-07T18:44:15.226Z [ERROR]: Error fetching stats for container 6182baf647d2: Cannot read properties of undefined (reading 'length')\nTypeError: Cannot read properties of undefined (reading 'length')
    at DockerService.getContainerStats (/app/dist/services/docker-service.js:282:68)
    at process.processTicksAndRejections (node:internal/process/task_queues:95:5)
    at async /app/dist/routes/index.js:207:27
2026-02-07T18:44:15.227Z [ERROR]: Error getting stats for container 6182baf647d2: Cannot read properties of undefined (reading 'length')\nTypeError: Cannot read properties of undefined (reading 'length')
    at DockerService.getContainerStats (/app/dist/services/docker-service.js:282:68)
    at process.processTicksAndRejections (node:internal/process/task_queues:95:5)
    at async /app/dist/routes/index.js:207:27
2026-02-07T18:44:17.238Z [ERROR]: Error fetching stats for container 64d1a6847642: socket hang up\nError: socket hang up
    at connResetException (node:internal/errors:720:14)
    at Socket.socketCloseListener (node:_http_client:474:25)
    at Socket.emit (node:events:529:35)
    at Pipe.<anonymous> (node:net:350:12)
2026-02-07T18:44:17.239Z [ERROR]: Error getting stats for container 64d1a6847642: socket hang up\nError: socket hang up
    at connResetException (node:internal/errors:720:14)
    at Socket.socketCloseListener (node:_http_client:474:25)
    at Socket.emit (node:events:529:35)
    at Pipe.<anonymous> (node:net:350:12)
2026-02-07T18:44:19.258Z [ERROR]: Error fetching stats for container 4bf2f06cb2f0: Cannot read properties of undefined (reading 'length')\nTypeError: Cannot read properties of undefined (reading 'length')
    at DockerService.getContainerStats (/app/dist/services/docker-service.js:282:68)
    at process.processTicksAndRejections (node:internal/process/task_queues:95:5)
    at async /app/dist/routes/index.js:207:27
2026-02-07T18:44:19.258Z [ERROR]: Error getting stats for container 4bf2f06cb2f0: Cannot read properties of undefined (reading 'length')\nTypeError: Cannot read properties of undefined (reading 'length')
    at DockerService.getContainerStats (/app/dist/services/docker-service.js:282:68)
    at process.processTicksAndRejections (node:internal/process/task_queues:95:5)
    at async /app/dist/routes/index.js:207:27
2026-02-07T18:44:20.271Z [ERROR]: Error fetching stats for container 6182baf647d2: Cannot read properties of undefined (reading 'length')\nTypeError: Cannot read properties of undefined (reading 'length')
    at DockerService.getContainerStats (/app/dist/services/docker-service.js:282:68)
    at process.processTicksAndRejections (node:internal/process/task_queues:95:5)
    at async /app/dist/routes/index.js:207:27
2026-02-07T18:44:20.272Z [ERROR]: Error getting stats for container 6182baf647d2: Cannot read properties of undefined (reading 'length')\nTypeError: Cannot read properties of undefined (reading 'length')
    at DockerService.getContainerStats (/app/dist/services/docker-service.js:282:68)
    at process.processTicksAndRejections (node:internal/process/task_queues:95:5)
    at async /app/dist/routes/index.js:207:27
2026-02-07T18:44:21.265Z [ERROR]: Error fetching stats for container f0497d474e9c: socket hang up\nError: socket hang up
    at connResetException (node:internal/errors:720:14)
    at Socket.socketCloseListener (node:_http_client:474:25)
    at Socket.emit (node:events:529:35)
    at Pipe.<anonymous> (node:net:350:12)
2026-02-07T18:44:21.265Z [ERROR]: Error getting stats for container f0497d474e9c: socket hang up\nError: socket hang up
    at connResetException (node:internal/errors:720:14)
    at Socket.socketCloseListener (node:_http_client:474:25)
    at Socket.emit (node:events:529:35)
    at Pipe.<anonymous> (node:net:350:12)
2026-02-07T18:44:22.281Z [ERROR]: Error fetching stats for container 64d1a6847642: socket hang up\nError: socket hang up
    at connResetException (node:internal/errors:720:14)
    at Socket.socketCloseListener (node:_http_client:474:25)
    at Socket.emit (node:events:529:35)
    at Pipe.<anonymous> (node:net:350:12)
2026-02-07T18:44:22.282Z [ERROR]: Error getting stats for container 64d1a6847642: socket hang up\nError: socket hang up
    at connResetException (node:internal/errors:720:14)
    at Socket.socketCloseListener (node:_http_client:474:25)
    at Socket.emit (node:events:529:35)
    at Pipe.<anonymous> (node:net:350:12)
2026-02-07T18:44:24.302Z [ERROR]: Error fetching stats for container 4bf2f06cb2f0: socket hang up\nError: socket hang up
    at connResetException (node:internal/errors:720:14)
    at Socket.socketCloseListener (node:_http_client:474:25)
    at Socket.emit (node:events:529:35)
    at Pipe.<anonymous> (node:net:350:12)
2026-02-07T18:44:24.303Z [ERROR]: Error getting stats for container 4bf2f06cb2f0: socket hang up\nError: socket hang up
    at connResetException (node:internal/errors:720:14)
    at Socket.socketCloseListener (node:_http_client:474:25)
    at Socket.emit (node:events:529:35)
    at Pipe.<anonymous> (node:net:350:12)
2026-02-07T18:44:25.330Z [ERROR]: Error fetching stats for container 6182baf647d2: Cannot read properties of undefined (reading 'length')\nTypeError: Cannot read properties of undefined (reading 'length')
    at DockerService.getContainerStats (/app/dist/services/docker-service.js:282:68)
    at process.processTicksAndRejections (node:internal/process/task_queues:95:5)
    at async /app/dist/routes/index.js:207:27
2026-02-07T18:44:25.331Z [ERROR]: Error getting stats for container 6182baf647d2: Cannot read properties of undefined (reading 'length')\nTypeError: Cannot read properties of undefined (reading 'length')
    at DockerService.getContainerStats (/app/dist/services/docker-service.js:282:68)
    at process.processTicksAndRejections (node:internal/process/task_queues:95:5)
    at async /app/dist/routes/index.js:207:27
2026-02-07T18:44:26.321Z [ERROR]: Error fetching stats for container f0497d474e9c: socket hang up\nError: socket hang up
    at connResetException (node:internal/errors:720:14)
    at Socket.socketCloseListener (node:_http_client:474:25)
    at Socket.emit (node:events:529:35)
    at Pipe.<anonymous> (node:net:350:12)
2026-02-07T18:44:26.323Z [ERROR]: Error getting stats for container f0497d474e9c: socket hang up\nError: socket hang up
    at connResetException (node:internal/errors:720:14)
    at Socket.socketCloseListener (node:_http_client:474:25)
    at Socket.emit (node:events:529:35)
    at Pipe.<anonymous> (node:net:350:12)
2026-02-07T18:44:27.339Z [ERROR]: Error fetching stats for container 64d1a6847642: socket hang up\nError: socket hang up
    at connResetException (node:internal/errors:720:14)
    at Socket.socketCloseListener (node:_http_client:474:25)
    at Socket.emit (node:events:529:35)
    at Pipe.<anonymous> (node:net:350:12)
2026-02-07T18:44:27.340Z [ERROR]: Error getting stats for container 64d1a6847642: socket hang up\nError: socket hang up
    at connResetException (node:internal/errors:720:14)
    at Socket.socketCloseListener (node:_http_client:474:25)
    at Socket.emit (node:events:529:35)
    at Pipe.<anonymous> (node:net:350:12)
2026-02-07T18:44:29.350Z [ERROR]: Error fetching stats for container 4bf2f06cb2f0: socket hang up\nError: socket hang up
    at connResetException (node:internal/errors:720:14)
    at Socket.socketCloseListener (node:_http_client:474:25)
    at Socket.emit (node:events:529:35)
    at Pipe.<anonymous> (node:net:350:12)
2026-02-07T18:44:29.351Z [ERROR]: Error getting stats for container 4bf2f06cb2f0: socket hang up\nError: socket hang up
    at connResetException (node:internal/errors:720:14)
    at Socket.socketCloseListener (node:_http_client:474:25)
    at Socket.emit (node:events:529:35)
    at Pipe.<anonymous> (node:net:350:12)
2026-02-07T18:44:30.372Z [ERROR]: Error fetching stats for container 6182baf647d2: Cannot read properties of undefined (reading 'length')\nTypeError: Cannot read properties of undefined (reading 'length')
    at DockerService.getContainerStats (/app/dist/services/docker-service.js:282:68)
    at process.processTicksAndRejections (node:internal/process/task_queues:95:5)
    at async /app/dist/routes/index.js:207:27
2026-02-07T18:44:30.374Z [ERROR]: Error getting stats for container 6182baf647d2: Cannot read properties of undefined (reading 'length')\nTypeError: Cannot read properties of undefined (reading 'length')
    at DockerService.getContainerStats (/app/dist/services/docker-service.js:282:68)
    at process.processTicksAndRejections (node:internal/process/task_queues:95:5)
    at async /app/dist/routes/index.js:207:27
2026-02-07T18:44:31.363Z [ERROR]: Error fetching stats for container f0497d474e9c: socket hang up\nError: socket hang up
    at connResetException (node:internal/errors:720:14)
    at Socket.socketCloseListener (node:_http_client:474:25)
    at Socket.emit (node:events:529:35)
    at Pipe.<anonymous> (node:net:350:12)
2026-02-07T18:44:31.363Z [ERROR]: Error getting stats for container f0497d474e9c: socket hang up\nError: socket hang up
    at connResetException (node:internal/errors:720:14)
    at Socket.socketCloseListener (node:_http_client:474:25)
    at Socket.emit (node:events:529:35)
    at Pipe.<anonymous> (node:net:350:12)
2026-02-07T18:44:32.383Z [ERROR]: Error fetching stats for container 64d1a6847642: socket hang up\nError: socket hang up
    at connResetException (node:internal/errors:720:14)
    at Socket.socketCloseListener (node:_http_client:474:25)
    at Socket.emit (node:events:529:35)
    at Pipe.<anonymous> (node:net:350:12)
2026-02-07T18:44:32.383Z [ERROR]: Error getting stats for container 64d1a6847642: socket hang up\nError: socket hang up
    at connResetException (node:internal/errors:720:14)
    at Socket.socketCloseListener (node:_http_client:474:25)
    at Socket.emit (node:events:529:35)
    at Pipe.<anonymous> (node:net:350:12)
2026-02-07T18:44:34.405Z [ERROR]: Error fetching stats for container 4bf2f06cb2f0: socket hang up\nError: socket hang up
    at connResetException (node:internal/errors:720:14)
    at Socket.socketCloseListener (node:_http_client:474:25)
    at Socket.emit (node:events:529:35)
    at Pipe.<anonymous> (node:net:350:12)
2026-02-07T18:44:34.407Z [ERROR]: Error getting stats for container 4bf2f06cb2f0: socket hang up\nError: socket hang up
    at connResetException (node:internal/errors:720:14)
    at Socket.socketCloseListener (node:_http_client:474:25)
    at Socket.emit (node:events:529:35)
    at Pipe.<anonymous> (node:net:350:12)
2026-02-07T18:44:34.422Z [ERROR]: Error fetching stats for container 6182baf647d2: Cannot read properties of undefined (reading 'length')\nTypeError: Cannot read properties of undefined (reading 'length')
    at DockerService.getContainerStats (/app/dist/services/docker-service.js:282:68)
    at process.processTicksAndRejections (node:internal/process/task_queues:95:5)
    at async /app/dist/routes/index.js:207:27
2026-02-07T18:44:34.423Z [ERROR]: Error getting stats for container 6182baf647d2: Cannot read properties of undefined (reading 'length')\nTypeError: Cannot read properties of undefined (reading 'length')
    at DockerService.getContainerStats (/app/dist/services/docker-service.js:282:68)
    at process.processTicksAndRejections (node:internal/process/task_queues:95:5)
    at async /app/dist/routes/index.js:207:27
2026-02-07T18:44:36.419Z [ERROR]: Error fetching stats for container f0497d474e9c: socket hang up\nError: socket hang up
    at connResetException (node:internal/errors:720:14)
    at Socket.socketCloseListener (node:_http_client:474:25)
    at Socket.emit (node:events:529:35)
    at Pipe.<anonymous> (node:net:350:12)
2026-02-07T18:44:36.420Z [ERROR]: Error getting stats for container f0497d474e9c: socket hang up\nError: socket hang up
    at connResetException (node:internal/errors:720:14)
    at Socket.socketCloseListener (node:_http_client:474:25)
    at Socket.emit (node:events:529:35)
    at Pipe.<anonymous> (node:net:350:12)
2026-02-07T18:44:36.433Z [ERROR]: Error fetching stats for container 64d1a6847642: socket hang up\nError: socket hang up
    at connResetException (node:internal/errors:720:14)
    at Socket.socketCloseListener (node:_http_client:474:25)
    at Socket.emit (node:events:529:35)
    at Pipe.<anonymous> (node:net:350:12)
2026-02-07T18:44:36.434Z [ERROR]: Error getting stats for container 64d1a6847642: socket hang up\nError: socket hang up
    at connResetException (node:internal/errors:720:14)
    at Socket.socketCloseListener (node:_http_client:474:25)
    at Socket.emit (node:events:529:35)
    at Pipe.<anonymous> (node:net:350:12)
2026-02-07T18:44:38.441Z [ERROR]: Error fetching stats for container 4bf2f06cb2f0: socket hang up\nError: socket hang up
    at connResetException (node:internal/errors:720:14)
    at Socket.socketCloseListener (node:_http_client:474:25)
    at Socket.emit (node:events:529:35)
    at Pipe.<anonymous> (node:net:350:12)
2026-02-07T18:44:38.441Z [ERROR]: Error getting stats for container 4bf2f06cb2f0: socket hang up\nError: socket hang up
    at connResetException (node:internal/errors:720:14)
    at Socket.socketCloseListener (node:_http_client:474:25)
    at Socket.emit (node:events:529:35)
    at Pipe.<anonymous> (node:net:350:12)
2026-02-07T18:44:39.454Z [ERROR]: Error fetching stats for container 6182baf647d2: Cannot read properties of undefined (reading 'length')\nTypeError: Cannot read properties of undefined (reading 'length')
    at DockerService.getContainerStats (/app/dist/services/docker-service.js:282:68)
    at process.processTicksAndRejections (node:internal/process/task_queues:95:5)
    at async /app/dist/routes/index.js:207:27
2026-02-07T18:44:39.454Z [ERROR]: Error getting stats for container 6182baf647d2: Cannot read properties of undefined (reading 'length')\nTypeError: Cannot read properties of undefined (reading 'length')
    at DockerService.getContainerStats (/app/dist/services/docker-service.js:282:68)
    at process.processTicksAndRejections (node:internal/process/task_queues:95:5)
    at async /app/dist/routes/index.js:207:27
2026-02-07T18:44:40.448Z [ERROR]: Error fetching stats for container f0497d474e9c: socket hang up\nError: socket hang up
    at connResetException (node:internal/errors:720:14)
    at Socket.socketCloseListener (node:_http_client:474:25)
    at Socket.emit (node:events:529:35)
    at Pipe.<anonymous> (node:net:350:12)
2026-02-07T18:44:40.449Z [ERROR]: Error getting stats for container f0497d474e9c: socket hang up\nError: socket hang up
    at connResetException (node:internal/errors:720:14)
    at Socket.socketCloseListener (node:_http_client:474:25)
    at Socket.emit (node:events:529:35)
    at Pipe.<anonymous> (node:net:350:12)
2026-02-07T18:44:41.461Z [ERROR]: Error fetching stats for container 64d1a6847642: socket hang up\nError: socket hang up
    at connResetException (node:internal/errors:720:14)
    at Socket.socketCloseListener (node:_http_client:474:25)
    at Socket.emit (node:events:529:35)
    at Pipe.<anonymous> (node:net:350:12)
2026-02-07T18:44:41.461Z [ERROR]: Error getting stats for container 64d1a6847642: socket hang up\nError: socket hang up
    at connResetException (node:internal/errors:720:14)
    at Socket.socketCloseListener (node:_http_client:474:25)
    at Socket.emit (node:events:529:35)
    at Pipe.<anonymous> (node:net:350:12)
2026-02-07T18:44:43.475Z [ERROR]: Error fetching stats for container 4bf2f06cb2f0: socket hang up\nError: socket hang up
    at connResetException (node:internal/errors:720:14)
    at Socket.socketCloseListener (node:_http_client:474:25)
    at Socket.emit (node:events:529:35)
    at Pipe.<anonymous> (node:net:350:12)
2026-02-07T18:44:43.476Z [ERROR]: Error getting stats for container 4bf2f06cb2f0: socket hang up\nError: socket hang up
    at connResetException (node:internal/errors:720:14)
    at Socket.socketCloseListener (node:_http_client:474:25)
    at Socket.emit (node:events:529:35)
    at Pipe.<anonymous> (node:net:350:12)
2026-02-07T18:44:44.515Z [ERROR]: Error fetching stats for container f0497d474e9c: Cannot read properties of undefined (reading 'length')\nTypeError: Cannot read properties of undefined (reading 'length')
    at DockerService.getContainerStats (/app/dist/services/docker-service.js:282:68)
    at process.processTicksAndRejections (node:internal/process/task_queues:95:5)
    at async /app/dist/routes/index.js:207:27
2026-02-07T18:44:44.515Z [ERROR]: Error getting stats for container f0497d474e9c: Cannot read properties of undefined (reading 'length')\nTypeError: Cannot read properties of undefined (reading 'length')
    at DockerService.getContainerStats (/app/dist/services/docker-service.js:282:68)
    at process.processTicksAndRejections (node:internal/process/task_queues:95:5)
    at async /app/dist/routes/index.js:207:27
2026-02-07T18:44:44.521Z [ERROR]: Error fetching stats for container 6182baf647d2: Cannot read properties of undefined (reading 'length')\nTypeError: Cannot read properties of undefined (reading 'length')
    at DockerService.getContainerStats (/app/dist/services/docker-service.js:282:68)
    at process.processTicksAndRejections (node:internal/process/task_queues:95:5)
    at async /app/dist/routes/index.js:207:27
2026-02-07T18:44:44.521Z [ERROR]: Error getting stats for container 6182baf647d2: Cannot read properties of undefined (reading 'length')\nTypeError: Cannot read properties of undefined (reading 'length')
    at DockerService.getContainerStats (/app/dist/services/docker-service.js:282:68)
    at process.processTicksAndRejections (node:internal/process/task_queues:95:5)
    at async /app/dist/routes/index.js:207:27
2026-02-07T18:44:46.526Z [ERROR]: Error fetching stats for container 64d1a6847642: Cannot read properties of undefined (reading 'length')\nTypeError: Cannot read properties of undefined (reading 'length')
    at DockerService.getContainerStats (/app/dist/services/docker-service.js:282:68)
    at process.processTicksAndRejections (node:internal/process/task_queues:95:5)
    at async /app/dist/routes/index.js:207:27
2026-02-07T18:44:46.526Z [ERROR]: Error getting stats for container 64d1a6847642: Cannot read properties of undefined (reading 'length')\nTypeError: Cannot read properties of undefined (reading 'length')
    at DockerService.getContainerStats (/app/dist/services/docker-service.js:282:68)
    at process.processTicksAndRejections (node:internal/process/task_queues:95:5)
    at async /app/dist/routes/index.js:207:27
2026-02-07T18:44:48.536Z [ERROR]: Error fetching stats for container 4bf2f06cb2f0: socket hang up\nError: socket hang up
    at connResetException (node:internal/errors:720:14)
    at Socket.socketCloseListener (node:_http_client:474:25)
    at Socket.emit (node:events:529:35)
    at Pipe.<anonymous> (node:net:350:12)
2026-02-07T18:44:48.536Z [ERROR]: Error getting stats for container 4bf2f06cb2f0: socket hang up\nError: socket hang up
    at connResetException (node:internal/errors:720:14)
    at Socket.socketCloseListener (node:_http_client:474:25)
    at Socket.emit (node:events:529:35)
    at Pipe.<anonymous> (node:net:350:12)
2026-02-07T18:46:45.450Z [ERROR]: Error fetching stats for container bc04b1610a84: Cannot read properties of undefined (reading 'length')\nTypeError: Cannot read properties of undefined (reading 'length')
    at DockerService.getContainerStats (/app/dist/services/docker-service.js:282:68)
    at process.processTicksAndRejections (node:internal/process/task_queues:95:5)
    at async /app/dist/routes/index.js:207:27
2026-02-07T18:46:45.451Z [ERROR]: Error getting stats for container bc04b1610a84: Cannot read properties of undefined (reading 'length')\nTypeError: Cannot read properties of undefined (reading 'length')
    at DockerService.getContainerStats (/app/dist/services/docker-service.js:282:68)
    at process.processTicksAndRejections (node:internal/process/task_queues:95:5)
    at async /app/dist/routes/index.js:207:27
2026-02-07T18:46:47.457Z [ERROR]: Error fetching stats for container aaed1921fd58: Cannot read properties of undefined (reading 'length')\nTypeError: Cannot read properties of undefined (reading 'length')
    at DockerService.getContainerStats (/app/dist/services/docker-service.js:282:68)
    at process.processTicksAndRejections (node:internal/process/task_queues:95:5)
    at async /app/dist/routes/index.js:207:27
2026-02-07T18:46:47.457Z [ERROR]: Error getting stats for container aaed1921fd58: Cannot read properties of undefined (reading 'length')\nTypeError: Cannot read properties of undefined (reading 'length')
    at DockerService.getContainerStats (/app/dist/services/docker-service.js:282:68)
    at process.processTicksAndRejections (node:internal/process/task_queues:95:5)
    at async /app/dist/routes/index.js:207:27
2026-02-07T18:46:49.467Z [ERROR]: Error fetching stats for container 8e721bacddee: socket hang up\nError: socket hang up
    at connResetException (node:internal/errors:720:14)
    at Socket.socketCloseListener (node:_http_client:474:25)
    at Socket.emit (node:events:529:35)
    at Pipe.<anonymous> (node:net:350:12)
2026-02-07T18:46:49.468Z [ERROR]: Error getting stats for container 8e721bacddee: socket hang up\nError: socket hang up
    at connResetException (node:internal/errors:720:14)
    at Socket.socketCloseListener (node:_http_client:474:25)
    at Socket.emit (node:events:529:35)
    at Pipe.<anonymous> (node:net:350:12)
2026-02-07T18:46:51.476Z [ERROR]: Error fetching stats for container f0497d474e9c: socket hang up\nError: socket hang up
    at connResetException (node:internal/errors:720:14)
    at Socket.socketCloseListener (node:_http_client:474:25)
    at Socket.emit (node:events:529:35)
    at Pipe.<anonymous> (node:net:350:12)
2026-02-07T18:46:51.477Z [ERROR]: Error getting stats for container f0497d474e9c: socket hang up\nError: socket hang up
    at connResetException (node:internal/errors:720:14)
    at Socket.socketCloseListener (node:_http_client:474:25)
    at Socket.emit (node:events:529:35)
    at Pipe.<anonymous> (node:net:350:12)
2026-02-07T18:46:51.495Z [ERROR]: Error fetching stats for container bc04b1610a84: Cannot read properties of undefined (reading 'length')\nTypeError: Cannot read properties of undefined (reading 'length')
    at DockerService.getContainerStats (/app/dist/services/docker-service.js:282:68)
    at process.processTicksAndRejections (node:internal/process/task_queues:95:5)
    at async /app/dist/routes/index.js:207:27
2026-02-07T18:46:51.496Z [ERROR]: Error getting stats for container bc04b1610a84: Cannot read properties of undefined (reading 'length')\nTypeError: Cannot read properties of undefined (reading 'length')
    at DockerService.getContainerStats (/app/dist/services/docker-service.js:282:68)
    at process.processTicksAndRejections (node:internal/process/task_queues:95:5)
    at async /app/dist/routes/index.js:207:27
2026-02-07T18:46:53.508Z [ERROR]: Error fetching stats for container aaed1921fd58: socket hang up\nError: socket hang up
    at connResetException (node:internal/errors:720:14)
    at Socket.socketCloseListener (node:_http_client:474:25)
    at Socket.emit (node:events:529:35)
    at Pipe.<anonymous> (node:net:350:12)
2026-02-07T18:46:53.508Z [ERROR]: Error getting stats for container aaed1921fd58: socket hang up\nError: socket hang up
    at connResetException (node:internal/errors:720:14)
    at Socket.socketCloseListener (node:_http_client:474:25)
    at Socket.emit (node:events:529:35)
    at Pipe.<anonymous> (node:net:350:12)
2026-02-07T18:46:54.534Z [ERROR]: Error fetching stats for container 8e721bacddee: Cannot read properties of undefined (reading 'length')\nTypeError: Cannot read properties of undefined (reading 'length')
    at DockerService.getContainerStats (/app/dist/services/docker-service.js:282:68)
    at process.processTicksAndRejections (node:internal/process/task_queues:95:5)
    at async /app/dist/routes/index.js:207:27
2026-02-07T18:46:54.534Z [ERROR]: Error getting stats for container 8e721bacddee: Cannot read properties of undefined (reading 'length')\nTypeError: Cannot read properties of undefined (reading 'length')
    at DockerService.getContainerStats (/app/dist/services/docker-service.js:282:68)
    at process.processTicksAndRejections (node:internal/process/task_queues:95:5)
    at async /app/dist/routes/index.js:207:27
2026-02-07T18:46:56.543Z [ERROR]: Error fetching stats for container f0497d474e9c: socket hang up\nError: socket hang up
    at connResetException (node:internal/errors:720:14)
    at Socket.socketCloseListener (node:_http_client:474:25)
    at Socket.emit (node:events:529:35)
    at Pipe.<anonymous> (node:net:350:12)
2026-02-07T18:46:56.545Z [ERROR]: Error getting stats for container f0497d474e9c: socket hang up\nError: socket hang up
    at connResetException (node:internal/errors:720:14)
    at Socket.socketCloseListener (node:_http_client:474:25)
    at Socket.emit (node:events:529:35)
    at Pipe.<anonymous> (node:net:350:12)
2026-02-07T18:46:56.553Z [ERROR]: Error fetching stats for container bc04b1610a84: Cannot read properties of undefined (reading 'length')\nTypeError: Cannot read properties of undefined (reading 'length')
    at DockerService.getContainerStats (/app/dist/services/docker-service.js:282:68)
    at process.processTicksAndRejections (node:internal/process/task_queues:95:5)
    at async /app/dist/routes/index.js:207:27
2026-02-07T18:46:56.554Z [ERROR]: Error getting stats for container bc04b1610a84: Cannot read properties of undefined (reading 'length')\nTypeError: Cannot read properties of undefined (reading 'length')
    at DockerService.getContainerStats (/app/dist/services/docker-service.js:282:68)
    at process.processTicksAndRejections (node:internal/process/task_queues:95:5)
    at async /app/dist/routes/index.js:207:27
2026-02-07T18:46:58.556Z [ERROR]: Error fetching stats for container aaed1921fd58: Cannot read properties of undefined (reading 'length')\nTypeError: Cannot read properties of undefined (reading 'length')
    at DockerService.getContainerStats (/app/dist/services/docker-service.js:282:68)
    at process.processTicksAndRejections (node:internal/process/task_queues:95:5)
    at async /app/dist/routes/index.js:207:27
2026-02-07T18:46:58.556Z [ERROR]: Error getting stats for container aaed1921fd58: Cannot read properties of undefined (reading 'length')\nTypeError: Cannot read properties of undefined (reading 'length')
    at DockerService.getContainerStats (/app/dist/services/docker-service.js:282:68)
    at process.processTicksAndRejections (node:internal/process/task_queues:95:5)
    at async /app/dist/routes/index.js:207:27
2026-02-07T18:47:00.566Z [ERROR]: Error fetching stats for container 8e721bacddee: socket hang up\nError: socket hang up
    at connResetException (node:internal/errors:720:14)
    at Socket.socketCloseListener (node:_http_client:474:25)
    at Socket.emit (node:events:529:35)
    at Pipe.<anonymous> (node:net:350:12)
2026-02-07T18:47:00.567Z [ERROR]: Error getting stats for container 8e721bacddee: socket hang up\nError: socket hang up
    at connResetException (node:internal/errors:720:14)
    at Socket.socketCloseListener (node:_http_client:474:25)
    at Socket.emit (node:events:529:35)
    at Pipe.<anonymous> (node:net:350:12)
2026-02-07T18:47:01.586Z [ERROR]: Error fetching stats for container bc04b1610a84: Cannot read properties of undefined (reading 'length')\nTypeError: Cannot read properties of undefined (reading 'length')
    at DockerService.getContainerStats (/app/dist/services/docker-service.js:282:68)
    at process.processTicksAndRejections (node:internal/process/task_queues:95:5)
    at async /app/dist/routes/index.js:207:27
2026-02-07T18:47:01.587Z [ERROR]: Error getting stats for container bc04b1610a84: Cannot read properties of undefined (reading 'length')\nTypeError: Cannot read properties of undefined (reading 'length')
    at DockerService.getContainerStats (/app/dist/services/docker-service.js:282:68)
    at process.processTicksAndRejections (node:internal/process/task_queues:95:5)
    at async /app/dist/routes/index.js:207:27
2026-02-07T18:47:02.582Z [ERROR]: Error fetching stats for container f0497d474e9c: socket hang up\nError: socket hang up
    at connResetException (node:internal/errors:720:14)
    at Socket.socketCloseListener (node:_http_client:474:25)
    at Socket.emit (node:events:529:35)
    at Pipe.<anonymous> (node:net:350:12)
2026-02-07T18:47:02.582Z [ERROR]: Error getting stats for container f0497d474e9c: socket hang up\nError: socket hang up
    at connResetException (node:internal/errors:720:14)
    at Socket.socketCloseListener (node:_http_client:474:25)
    at Socket.emit (node:events:529:35)
    at Pipe.<anonymous> (node:net:350:12)
2026-02-07T18:47:03.597Z [ERROR]: Error fetching stats for container aaed1921fd58: socket hang up\nError: socket hang up
    at connResetException (node:internal/errors:720:14)
    at Socket.socketCloseListener (node:_http_client:474:25)
    at Socket.emit (node:events:529:35)
    at Pipe.<anonymous> (node:net:350:12)
2026-02-07T18:47:03.599Z [ERROR]: Error getting stats for container aaed1921fd58: socket hang up\nError: socket hang up
    at connResetException (node:internal/errors:720:14)
    at Socket.socketCloseListener (node:_http_client:474:25)
    at Socket.emit (node:events:529:35)
    at Pipe.<anonymous> (node:net:350:12)
2026-02-07T18:47:04.692Z [ERROR]: Error fetching stats for container 8e721bacddee: Cannot read properties of undefined (reading 'length')\nTypeError: Cannot read properties of undefined (reading 'length')
    at DockerService.getContainerStats (/app/dist/services/docker-service.js:282:68)
    at process.processTicksAndRejections (node:internal/process/task_queues:95:5)
    at async /app/dist/routes/index.js:207:27
2026-02-07T18:47:04.693Z [ERROR]: Error getting stats for container 8e721bacddee: Cannot read properties of undefined (reading 'length')\nTypeError: Cannot read properties of undefined (reading 'length')
    at DockerService.getContainerStats (/app/dist/services/docker-service.js:282:68)
    at process.processTicksAndRejections (node:internal/process/task_queues:95:5)
    at async /app/dist/routes/index.js:207:27
2026-02-07T18:47:06.708Z [ERROR]: Error fetching stats for container f0497d474e9c: socket hang up\nError: socket hang up
    at connResetException (node:internal/errors:720:14)
    at Socket.socketCloseListener (node:_http_client:474:25)
    at Socket.emit (node:events:529:35)
    at Pipe.<anonymous> (node:net:350:12)
2026-02-07T18:47:06.709Z [ERROR]: Error getting stats for container f0497d474e9c: socket hang up\nError: socket hang up
    at connResetException (node:internal/errors:720:14)
    at Socket.socketCloseListener (node:_http_client:474:25)
    at Socket.emit (node:events:529:35)
    at Pipe.<anonymous> (node:net:350:12)
